<?xml version="1.0" encoding="UTF-8"?>
<!-- Generated by org.testng.reporters.JUnitXMLReporter -->
<testsuite ignored="2" hostname="AMIT-PC" failures="0" tests="1" name="Default test" time="0.061" errors="0" timestamp="2022-07-18T11:22:10 IST">
  <testcase classname="com.crm.vtigermaven.SDET36test.Name_test" name="name3" time="0.01"/>
  <testcase classname="com.crm.vtigermaven.SDET36test.Name_test" name="name2" time="0.0">
    <ignored/>
  </testcase> <!-- name2 -->
  <testcase classname="com.crm.vtigermaven.SDET36test.Name_test" name="address" time="0.0">
    <ignored/>
  </testcase> <!-- address -->
</testsuite> <!-- Default test -->
