<?xml version="1.0" encoding="UTF-8"?>
<!-- Generated by org.testng.reporters.JUnitXMLReporter -->
<testsuite hostname="LAPTOP-KOAKE35K" ignored="3" name="Test" tests="1" failures="0" timestamp="2022-07-14T17:24:47 IST" time="0.037" errors="0">
  <testcase name="name2" time="0.006" classname="com.crm.vtigermaven.SDET36test.Name_test"/>
  <testcase name="address" time="0.0" classname="com.crm.vtigermaven.SDET36test.Address_test">
    <ignored/>
  </testcase> <!-- address -->
  <testcase name="name" time="0.0" classname="com.crm.vtigermaven.SDET36test.Address_test">
    <ignored/>
  </testcase> <!-- name -->
  <testcase name="address" time="0.0" classname="com.crm.vtigermaven.SDET36test.Name_test">
    <ignored/>
  </testcase> <!-- address -->
</testsuite> <!-- Test -->
