<?xml version="1.0" encoding="UTF-8"?>
<testng-results skipped="0" failed="0" ignored="3" total="4" passed="1">
  <reporter-output>
  </reporter-output>
  <suite name="Suite" duration-ms="37" started-at="2022-07-14T17:24:47 IST" finished-at="2022-07-14T17:24:47 IST">
    <groups>
      <group name="regression">
        <method signature="Name_test.name2()[pri:0, instance:com.crm.vtigermaven.SDET36test.Name_test@76f2b07d]" name="name2" class="com.crm.vtigermaven.SDET36test.Name_test"/>
      </group> <!-- regression -->
    </groups>
    <test name="Test" duration-ms="37" started-at="2022-07-14T17:24:47 IST" finished-at="2022-07-14T17:24:47 IST">
      <class name="com.crm.vtigermaven.SDET36test.Name_test">
        <test-method status="PASS" signature="name2()[pri:0, instance:com.crm.vtigermaven.SDET36test.Name_test@76f2b07d]" name="name2" duration-ms="6" started-at="2022-07-14T17:24:47 IST" finished-at="2022-07-14T17:24:47 IST">
          <reporter-output>
          </reporter-output>
        </test-method> <!-- name2 -->
      </class> <!-- com.crm.vtigermaven.SDET36test.Name_test -->
    </test> <!-- Test -->
  </suite> <!-- Suite -->
</testng-results>
