<?xml version="1.0" encoding="UTF-8"?>
<testng-results ignored="2" total="3" passed="1" failed="0" skipped="0">
  <reporter-output>
  </reporter-output>
  <suite started-at="2022-07-18T11:22:10 IST" name="Default suite" finished-at="2022-07-18T11:22:10 IST" duration-ms="61">
    <groups>
    </groups>
    <test started-at="2022-07-18T11:22:10 IST" name="Default test" finished-at="2022-07-18T11:22:10 IST" duration-ms="61">
      <class name="com.crm.vtigermaven.SDET36test.Name_test">
        <test-method signature="name3()[pri:0, instance:com.crm.vtigermaven.SDET36test.Name_test@649bec2e]" started-at="2022-07-18T11:22:10 IST" name="name3" finished-at="2022-07-18T11:22:10 IST" duration-ms="10" status="PASS">
          <reporter-output>
          </reporter-output>
        </test-method> <!-- name3 -->
      </class> <!-- com.crm.vtigermaven.SDET36test.Name_test -->
    </test> <!-- Default test -->
  </suite> <!-- Default suite -->
</testng-results>
